0001e|MODULE CTL_1
0002e|
0003e|TITLE 'hard-wired control unit'
0004e|
0005e|"INPUT
0006e|	CLR PIN 3;	"CLR=CLR#
0007e|	W1,W2,W3,W4 PIN 7,74,9,72;
0008e|	T1,MF PIN 79,5;
0009e|	IR4,IR5,IR6,IR7 PIN 70,13..15;
0010e|	SWC,SWB,SWA,C PIN 16,26..28;
0011e|
0012e|"OUTPUT
0013e|	MF1,SST0 NODE ISTYPE 'COM';
0014e|	RUN,ST0 NODE ISTYPE 'REG'; 
0015e|	LRW,CER,AR1_INC,CEL PIN 80..83 ISTYPE 'COM';	"CEL=CEL#
0016e|	LDAR1,LDAR2,LDDR1,LDDR2 PIN 11,17,18,73 ISTYPE 'COM';
0017e|	LDER,LDIR,LDPC,LDR4,M1 PIN 75..78,50 ISTYPE 'COM';
0018e|	M2,M4,PC_ADD,S0,S2,SKIP,ALU_BUS,WRD PIN 29,31,33,35,37,39..41 ISTYPE 'COM';
0019e|	TJ,SW_BUS,S1,RS_BUS,PC_INC,M3 PIN 68,69,59,60,58,56 ISTYPE 'COM';	"SW_BUS=SW_BUS#, RS_BUS=RS_BUS#
0020e|	CLK = .C.;
0021e|
0022e|"Macro Definition
0023e|	PR2 MACRO{ST0 & !SWC & !SWB & !SWA };
0024e|	KRD1 MACRO{!ST0 & !SWC & !SWB & SWA };
0025e|	KRD2 MACRO{ST0 & !SWC & !SWB & SWA };
0026e|	KWE1 MACRO{!ST0 & !SWC & SWB & !SWA };
0027e|	KWE2 MACRO{ST0 & !SWC & SWB & !SWA };
0028e|	KLD1 MACRO{!ST0 & !SWC & SWB & SWA };
0029e|	KLD2 MACRO{ST0 & !SWC & SWB & SWA };
0030e|	KRR1 MACRO{!ST0 & SWC & !SWB & !SWA };
0031e|	KRR2 MACRO{ST0 & SWC & !SWB & !SWA };
0032e|	PR1 MACRO{!ST0 & !SWC & !SWB & !SWA };
0033e|	ADD MACRO{PR2 & !IR7 & !IR6 & !IR5 & !IR4 };
0034e|	SUB MACRO{PR2 & !IR7 & !IR6 & !IR5 & IR4 };
0035e|	MUL MACRO{PR2 & !IR7 & !IR6 & IR5 & !IR4 };
0036e|	AND MACRO{PR2 & !IR7 & !IR6 & IR5 & IR4 };
0037e|	LDA MACRO{PR2 & !IR7 & IR6 & !IR5 & IR4 };
0038e|	STA MACRO{PR2 & !IR7 & IR6 & !IR5 & !IR4 };
0039e|	JMP MACRO{PR2 & IR7 & !IR6 & !IR5 & !IR4 };
0040e|	JC MACRO{PR2 & IR7 & !IR6 & !IR5 & IR4 };
0041e|	STP MACRO{PR2 & !IR7 & IR6 & IR5 & !IR4 };
0042e|
0043e|EQUATIONS
0044e|	MF1 = !CLR & MF # T1;
0045e|	RUN := CLR & !ST0 # CLR & RUN;
0046e|	RUN.CLK = MF1; 
0047e|	SST0 = !ST0 & RUN & W4;
0048e|	ST0 := CLR & SST0 # CLR & ST0;
0049e|	ST0.CLK = MF1;
0050e|
0051e|	LDIR = ST0 & SWC & !SWB & !SWA & W2 
0052e|		# ST0 & !SWC & SWB & SWA & W2 
0053e|		# ST0 & !SWC & !SWB & !SWA & W1;
0054e|	SKIP = !ST0 & W1 
0055e|		# ST0 & SWC & !SWB & !SWA & W2 
0056e|		# ST0 & !SWC & SWB & !SWA & W1 
0057e|		# ST0 & !SWC & !SWB & SWA & W1 
0058e|		# ST0 & !SWC & !SWB & !SWA & !IR7 & IR6 & !IR5 & !IR4 & W2 
0059e|		# ST0 & !SWC & !SWB & !SWA & IR7 & !IR6 & !IR5 & !IR4 & W2 
0060e|		# ST0 & !SWC & !SWB & !SWA & IR7 & !IR6 & !IR5 & IR4 & W2 
0061e|		# ST0 & !SWC & !SWB & !SWA & !IR7 & IR6 & IR5 & !IR4 & W2;
0062e|	ALU_BUS = ST0 & !SWC & !SWB & !SWA & !IR7 & !IR6 & !IR5 & !IR4 & W3 
0063e|		# ST0 & !SWC & !SWB & !SWA & !IR7 & !IR6 & !IR5 & IR4 & W3 
0064e|		# ST0 & !SWC & !SWB & !SWA & !IR7 & !IR6 & IR5 & !IR4 & W3 
0065e|		# ST0 & !SWC & !SWB & !SWA & !IR7 & !IR6 & IR5 & IR4 & W3 
0066e|		# ST0 & !SWC & !SWB & !SWA & !IR7 & IR6 & !IR5 & !IR4 & W4;
0067e|	AR1_INC = ST0 & !SWC & SWB & !SWA & W4 
0068e|		# ST0 & !SWC & !SWB & SWA & W4;
0069e|	CEL = !(ST0 & SWC & !SWB & !SWA & W1 
0070e|		# ST0 & !SWC & SWB & SWA & W1 
0071e|		# ST0 & !SWC & SWB & !SWA & W1 
0072e|		# ST0 & !SWC & !SWB & SWA & W1 
0073e|		# ST0 & !SWC & !SWB & !SWA & !IR7 & IR6 & !IR5 & !IR4 & W4  
0074e|		# ST0 & !SWC & !SWB & !SWA & !IR7 & IR6 & !IR5 & IR4 & W3);
0075e|	CER = LDIR;
0076e|	LDAR1 = !ST0 & !SWC & !SWB & SWA & W4 
0077e|		# !ST0 & !SWC & SWB & !SWA & W4 
0078e|		# !ST0 & !SWC & SWB & SWA & W4 
0079e|		# !ST0 & SWC & !SWB & !SWA & W4 
0080e|		# ST0 & !SWC & !SWB & !SWA & !IR7 & IR6 & !IR5 & !IR4 & W2 
0081e|		# ST0 & !SWC & !SWB & !SWA & !IR7 & IR6 & !IR5 & IR4 & W2 
0082e|		# ST0 & !SWC & !SWB & !SWA & W1;
0083e|	LDAR2 = LDAR1;
0084e|	LDDR2 = ST0 & !SWC & !SWB & !SWA & !IR7 & !IR6 & !IR5 & !IR4 & W2 
0085e|		# ST0 & !SWC & !SWB & !SWA & !IR7 & !IR6 & !IR5 & IR4 & W2 
0086e|		# ST0 & !SWC & !SWB & !SWA & !IR7 & !IR6 & IR5 & !IR4 & W2 
0087e|		# ST0 & !SWC & !SWB & !SWA & !IR7 & !IR6 & IR5 & IR4 & W2 
0088e|		# ST0 & !SWC & !SWB & !SWA & !IR7 & IR6 & !IR5 & !IR4 & W2;
0089e|	LDDR1 = LDDR2;
0090e|	LDER = ST0 & !SWC & SWB & SWA & W3 
0091e|		# ST0 & !SWC & !SWB & !SWA & !IR7 & !IR6 & !IR5 & !IR4 & W3 
0092e|		# ST0 & !SWC & !SWB & !SWA & !IR7 & !IR6 & !IR5 & IR4 & W3 
0093e|		# ST0 & !SWC & !SWB & !SWA & !IR7 & !IR6 & IR5 & !IR4 & W3 
0094e|		# ST0 & !SWC & !SWB & !SWA & !IR7 & !IR6 & IR5 & IR4 & W3 
0095e|		# ST0 & !SWC & !SWB & !SWA & !IR7 & IR6 & !IR5 & IR4 & W3;
0096e|	LDPC = !ST0 & !SWC & !SWB & !SWA & W4 
0097e|		# ST0 & !SWC & !SWB & !SWA & IR7 & !IR6 & !IR5 & !IR4 & W4 
0098e|		# ST0 & !SWC & !SWB & !SWA & IR7 & !IR6 & !IR5 & IR4 & W4 & C;
0099e|	LDR4 = LDPC;
0100e|	LRW = ST0 & !SWC & !SWB & SWA & W1 
0101e|		# ST0 & !SWC & !SWB & !SWA & !IR7 & IR6 & !IR5 & IR4 & W3;
0102e|	M1 = !(ST0 & !SWC & !SWB & !SWA & !IR7 & !IR6 & !IR5 & !IR4 & W2 
0103e|		# ST0 & !SWC & !SWB & !SWA & !IR7 & !IR6 & !IR5 & IR4 & W2 
0104e|		# ST0 & !SWC & !SWB & !SWA & !IR7 & !IR6 & IR5 & !IR4 & W2 
0105e|		# ST0 & !SWC & !SWB & !SWA & !IR7 & !IR6 & IR5 & IR4 & W2
0106e|		# ST0 & !SWC & !SWB & !SWA & !IR7 & IR6 & !IR5 & !IR4 & W2);
0107e|	M2 = M1;
0108e|	M3 = !ST0 & !SWC & SWB & SWA & W4 
0109e|		# !ST0 & SWC & !SWB & !SWA & W4; 
0110e|	M4 = !ST0 & !SWC & !SWB & !SWA & W4 
0111e|		# ST0 & !SWC & !SWB & !SWA & IR7 & !IR6 & !IR5 & !IR4 & W4;
0112e|	PC_INC = ST0 & !SWC & !SWB & !SWA & W1;
0113e|	PC_ADD = ST0 & !SWC & !SWB & !SWA & IR7 & !IR6 & !IR5 & IR4 & W4 & C;
0114e|	RS_BUS = !(ST0 & !SWC & !SWB & !SWA & !IR7 & IR6 & !IR5 & !IR4 & W2 
0115e|		# ST0 & !SWC & !SWB & !SWA & !IR7 & IR6 & !IR5 & IR4 & W2 
0116e|		# ST0 & SWC & !SWB & !SWA & W4 
0117e|		# ST0 & !SWC & !SWB & !SWA & IR7 & !IR6 & !IR5 & !IR4 & W4);
0118e|	S0 = ST0 & !SWC & !SWB & !SWA & !IR7 & !IR6 & !IR5 & IR4 # ST0 & !SWC & !SWB & !SWA & !IR7 & IR6 & !IR5 & !IR4 ;
0119e|	S1 = ST0 & !SWC & !SWB & !SWA & !IR7 & !IR6 & !IR5 & !IR4 # ST0 & !SWC & !SWB & !SWA & !IR7 & !IR6 & !IR5 & IR4 ;
0120e|	S2 = ST0 & !SWC & !SWB & !SWA & !IR7 & !IR6 & IR5 & !IR4 ;
0121e|	SW_BUS = !(!ST0 & !SWC & !SWB & SWA & W4 
0122e|		# !ST0 & !SWC & SWB & !SWA & W4 
0123e|		# !ST0 & !SWC & SWB & SWA & W4 
0124e|		# !ST0 & SWC & !SWB & !SWA & W4  
0125e|		# !ST0 & !SWC & !SWB & !SWA & W4 
0126e|		# ST0 & SWC & !SWB & !SWA & W1 
0127e|		# ST0 & !SWC & SWB & SWA & W1 
0128e|		# ST0 & !SWC & SWB & !SWA & W1 
0129e|		# ST0 & !SWC & SWB & SWA & W3);
0130e|	TJ = !ST0 & !SWC & SWB & !SWA & W4 
0131e|		# !ST0 & !SWC & SWB & SWA & W4 
0132e|		# !ST0 & SWC & !SWB & !SWA & W4 
0133e|		# ST0 & SWC & !SWB & !SWA & W4 
0134e|		# ST0 & !SWC & SWB & SWA & W4 
0135e|		# ST0 & !SWC & SWB & !SWA & W4 
0136e|		# ST0 & !SWC & !SWB & !SWA & !IR7 & IR6 & IR5 & !IR4 & W4 
0137e|		# ST0 & !SWC & SWB & SWA & W2 
0138e|		# ST0 & !SWC & !SWB & SWA & W1;
0139e|	WRD = ST0 & !SWC & SWB & SWA & W4 
0140e|		# ST0 & !SWC & !SWB & !SWA & !IR7 & IR6 & !IR5 & IR4 & W4 
0141e|		# ST0 & !SWC & !SWB & !SWA & !IR7 & !IR6 & IR5 & IR4 & W4 
0142e|		# ST0 & !SWC & !SWB & !SWA & !IR7 & !IR6 & !IR5 & IR4 & W4 
0143e|		# ST0 & !SWC & !SWB & !SWA & !IR7 & !IR6 & IR5 & !IR4 & W4 
0144e|		# ST0 & !SWC & !SWB & !SWA & !IR7 & !IR6 & IR5 & IR4 & W4;
0145e|	
0146e|END
0147e|
0148e|
0149e|
0150e|